<?xml version="1.0" encoding="UTF-8"?>
<testExecutions version="1">
  <file path="/home/codejamninja/Projects/pipedoc/packages/core/tests/index.ts">
    <testCase name="pipedoc should work" duration="1"/>
  </file>
</testExecutions>